Success (16):
content 138890 _a-0000df9d-6819-8000-aae2-01ef9001ef90_45160 "Sample Folder"
content 139707 _a-0000df9d-6819-8000-aae2-01ef9001ef90_45161 "SAMPLE_TEST_1"
content 139708 _a-0000df9d-6819-8000-aae2-01ef9001ef90_47379 "TODAY_1"
content 139709 _a-0000df9d-6819-8000-aae2-01ef9001ef90_47380 "TODAY_2"
content 139710 _a-0000df9d-6819-8000-aae2-01ef9001ef90_47383 "Tommorrow_1"
content 139711 _a-0000df9d-6819-8000-aae2-01ef9001ef90_47384 "Tommorrow_2"
content 139712 _a-0000df9d-6819-8000-aae2-01ef9001ef90_47956 "CONSTANT_1"
content 139713 _a-0000df9d-6819-8000-aae2-01ef9001ef90_47959 "CONSTANT_2"
content 139714 _a-0000df9d-6819-8000-aae2-01ef9001ef90_48011 "CONSTANT_3"
content 139715 _a-0000df9d-6819-8000-aae2-01ef9001ef90_48094 "CONSTANT_4"
content 139716 _a-0000df9d-6819-8000-aae2-01ef9001ef90_48102 "CONSTANT_5"
content 139717 _a-0000df9d-6819-8000-aae2-01ef9001ef90_48125 "IACD_1111"
processModelFolder 588 _g-0000df9d-6819-8000-aae2-014d98014d98_109 "test-leave"
processModelFolder 589 _g-0000df9d-6819-8000-aae2-014d98014d98_110 "testfolder"
processModel 17050 0002dfbf-a081-8000-aae2-014d98014d98 "testPM"
application 138901 _a-0000df9d-6819-8000-aae2-01ef9001ef90_45159 "Leave Management System"

Referenced precedents that were not exported (1):
user krishnau krishnau

Trace:
2017-11-28 07:12:11.411 DEBUG application 138901 _a-0000df9d-6819-8000-aae2-01ef9001ef90_45159 Begin transport.
2017-11-28 07:12:11.411 DEBUG application 138901 _a-0000df9d-6819-8000-aae2-01ef9001ef90_45159 Retrieving object data.
2017-11-28 07:12:11.447 DEBUG application 138901 _a-0000df9d-6819-8000-aae2-01ef9001ef90_45159 App associated objects: [content=[_a-0000df9d-6819-8000-aae2-01ef9001ef90_45160, _a-0000df9d-6819-8000-aae2-01ef9001ef90_45161, _a-0000df9d-6819-8000-aae2-01ef9001ef90_47379, _a-0000df9d-6819-8000-aae2-01ef9001ef90_47380, _a-0000df9d-6819-8000-aae2-01ef9001ef90_47383, _a-0000df9d-6819-8000-aae2-01ef9001ef90_47384, _a-0000df9d-6819-8000-aae2-01ef9001ef90_47956, _a-0000df9d-6819-8000-aae2-01ef9001ef90_47959, _a-0000df9d-6819-8000-aae2-01ef9001ef90_48011, _a-0000df9d-6819-8000-aae2-01ef9001ef90_48094, _a-0000df9d-6819-8000-aae2-01ef9001ef90_48102, _a-0000df9d-6819-8000-aae2-01ef9001ef90_48125],processModelFolder=[_g-0000df9d-6819-8000-aae2-014d98014d98_109, _g-0000df9d-6819-8000-aae2-014d98014d98_110],processModel=[0002dfbf-a081-8000-aae2-014d98014d98]]
2017-11-28 07:12:11.451 DEBUG application 138901 _a-0000df9d-6819-8000-aae2-01ef9001ef90_45159 Invalid associated objects: []
2017-11-28 07:12:11.452 DEBUG application 138901 _a-0000df9d-6819-8000-aae2-01ef9001ef90_45159 Adding valid associated objects to be exported: GlobalBindingMap[content={_a-0000df9d-6819-8000-aae2-01ef9001ef90_45160=138890, _a-0000df9d-6819-8000-aae2-01ef9001ef90_45161=139707, _a-0000df9d-6819-8000-aae2-01ef9001ef90_47379=139708, _a-0000df9d-6819-8000-aae2-01ef9001ef90_47380=139709, _a-0000df9d-6819-8000-aae2-01ef9001ef90_47383=139710, _a-0000df9d-6819-8000-aae2-01ef9001ef90_47384=139711, _a-0000df9d-6819-8000-aae2-01ef9001ef90_47956=139712, _a-0000df9d-6819-8000-aae2-01ef9001ef90_47959=139713, _a-0000df9d-6819-8000-aae2-01ef9001ef90_48011=139714, _a-0000df9d-6819-8000-aae2-01ef9001ef90_48094=139715, _a-0000df9d-6819-8000-aae2-01ef9001ef90_48102=139716, _a-0000df9d-6819-8000-aae2-01ef9001ef90_48125=139717},processModelFolder={_g-0000df9d-6819-8000-aae2-014d98014d98_109=588, _g-0000df9d-6819-8000-aae2-014d98014d98_110=589},processModel={0002dfbf-a081-8000-aae2-014d98014d98=17050}]
2017-11-28 07:12:11.452 DEBUG application 138901 _a-0000df9d-6819-8000-aae2-01ef9001ef90_45159 Setting uuids of object references.
2017-11-28 07:12:11.452 DEBUG application 138901 _a-0000df9d-6819-8000-aae2-01ef9001ef90_45159 Processing reference: Application.forum
2017-11-28 07:12:11.452 DEBUG application 138901 _a-0000df9d-6819-8000-aae2-01ef9001ef90_45159 Processing reference: Application.parent
2017-11-28 07:12:11.47 DEBUG application 138901 _a-0000df9d-6819-8000-aae2-01ef9001ef90_45159 Processing reference: com.appiancorp.suiteapi.content.ContentRoleMap@32564f23[
  ContentRole[name=readers,inherit=false,allowForAll=false]
  ContentRole[name=authors,inherit=false,allowForAll=false]
  ContentRole[name=administrators,usernames=[krishnau],inherit=false,allowForAll=false]
  ContentRole[name=denyReaders,inherit=false,allowForAll=false]
  ContentRole[name=denyAuthors,inherit=false,allowForAll=false]
  ContentRole[name=denyAdministrators,inherit=false,allowForAll=false]
  securityVector=1:SEC_PUBLIC=true,SEC_CREATOR_ADMIN=false,SEC_INH_ADMIN=false,SEC_INH_EDITOR=false,SEC_INH_VIEWER=false,SEC_ALL_ADMIN=false,SEC_ALL_EDITOR=false,SEC_ALL_VIEWER=false
]
2017-11-28 07:12:11.47 DEBUG application 138901 _a-0000df9d-6819-8000-aae2-01ef9001ef90_45159 Processing reference: ContentRole[name=readers,inherit=false,allowForAll=false]
2017-11-28 07:12:11.47 DEBUG application 138901 _a-0000df9d-6819-8000-aae2-01ef9001ef90_45159 Processing reference: ContentRole[name=authors,inherit=false,allowForAll=false]
2017-11-28 07:12:11.47 DEBUG application 138901 _a-0000df9d-6819-8000-aae2-01ef9001ef90_45159 Processing reference: ContentRole[name=administrators,usernames=[krishnau],inherit=false,allowForAll=false]
2017-11-28 07:12:11.472 DEBUG application 138901 _a-0000df9d-6819-8000-aae2-01ef9001ef90_45159 Processing reference: ContentRole[name=denyReaders,inherit=false,allowForAll=false]
2017-11-28 07:12:11.472 DEBUG application 138901 _a-0000df9d-6819-8000-aae2-01ef9001ef90_45159 Processing reference: ContentRole[name=denyAuthors,inherit=false,allowForAll=false]
2017-11-28 07:12:11.472 DEBUG application 138901 _a-0000df9d-6819-8000-aae2-01ef9001ef90_45159 Processing reference: ContentRole[name=denyAdministrators,inherit=false,allowForAll=false]
2017-11-28 07:12:11.475 DEBUG content 138890 _a-0000df9d-6819-8000-aae2-01ef9001ef90_45160 Begin transport.
2017-11-28 07:12:11.475 DEBUG content 138890 _a-0000df9d-6819-8000-aae2-01ef9001ef90_45160 Retrieving object data.
2017-11-28 07:12:11.482 DEBUG content 138890 _a-0000df9d-6819-8000-aae2-01ef9001ef90_45160 Setting uuids of object references.
2017-11-28 07:12:11.482 DEBUG content 138890 _a-0000df9d-6819-8000-aae2-01ef9001ef90_45160 Processing reference: RulesFolder.forum
2017-11-28 07:12:11.482 DEBUG content 138890 _a-0000df9d-6819-8000-aae2-01ef9001ef90_45160 Processing reference: RulesFolder.parent
2017-11-28 07:12:11.485 DEBUG content 138890 _a-0000df9d-6819-8000-aae2-01ef9001ef90_45160 Processing reference: com.appiancorp.suiteapi.content.ContentRoleMap@64e107ec[
  ContentRole[name=readers,inherit=true,allowForAll=false]
  ContentRole[name=authors,inherit=true,allowForAll=false]
  ContentRole[name=administrators,inherit=true,allowForAll=false]
  ContentRole[name=denyReaders,inherit=false,allowForAll=false]
  ContentRole[name=denyAuthors,inherit=false,allowForAll=false]
  ContentRole[name=denyAdministrators,inherit=false,allowForAll=false]
  securityVector=15:SEC_PUBLIC=true,SEC_CREATOR_ADMIN=false,SEC_INH_ADMIN=true,SEC_INH_EDITOR=true,SEC_INH_VIEWER=true,SEC_ALL_ADMIN=false,SEC_ALL_EDITOR=false,SEC_ALL_VIEWER=false
]
2017-11-28 07:12:11.485 DEBUG content 138890 _a-0000df9d-6819-8000-aae2-01ef9001ef90_45160 Processing reference: ContentRole[name=readers,inherit=true,allowForAll=false]
2017-11-28 07:12:11.485 DEBUG content 138890 _a-0000df9d-6819-8000-aae2-01ef9001ef90_45160 Processing reference: ContentRole[name=authors,inherit=true,allowForAll=false]
2017-11-28 07:12:11.485 DEBUG content 138890 _a-0000df9d-6819-8000-aae2-01ef9001ef90_45160 Processing reference: ContentRole[name=administrators,inherit=true,allowForAll=false]
2017-11-28 07:12:11.485 DEBUG content 138890 _a-0000df9d-6819-8000-aae2-01ef9001ef90_45160 Processing reference: ContentRole[name=denyReaders,inherit=false,allowForAll=false]
2017-11-28 07:12:11.485 DEBUG content 138890 _a-0000df9d-6819-8000-aae2-01ef9001ef90_45160 Processing reference: ContentRole[name=denyAuthors,inherit=false,allowForAll=false]
2017-11-28 07:12:11.485 DEBUG content 138890 _a-0000df9d-6819-8000-aae2-01ef9001ef90_45160 Processing reference: ContentRole[name=denyAdministrators,inherit=false,allowForAll=false]
2017-11-28 07:12:11.485 DEBUG content 138890 _a-0000df9d-6819-8000-aae2-01ef9001ef90_45160 Completing produce.
2017-11-28 07:12:11.485 DEBUG content 138890 _a-0000df9d-6819-8000-aae2-01ef9001ef90_45160 Exporting binary resources.
2017-11-28 07:12:11.485 DEBUG content 138890 _a-0000df9d-6819-8000-aae2-01ef9001ef90_45160 Serializing object to XML.
2017-11-28 07:12:11.485 DEBUG content 138890 _a-0000df9d-6819-8000-aae2-01ef9001ef90_45160 Object transported.
2017-11-28 07:12:11.485 DEBUG content 139707 _a-0000df9d-6819-8000-aae2-01ef9001ef90_45161 Begin transport.
2017-11-28 07:12:11.485 DEBUG content 139707 _a-0000df9d-6819-8000-aae2-01ef9001ef90_45161 Retrieving object data.
2017-11-28 07:12:11.492 DEBUG content 139707 _a-0000df9d-6819-8000-aae2-01ef9001ef90_45161 Setting uuids of object references.
2017-11-28 07:12:11.492 DEBUG content 139707 _a-0000df9d-6819-8000-aae2-01ef9001ef90_45161 Processing reference: [Content:id=138891,versionId=-1,name=SAMPLE_TEST_1,type=32,subtype=0,uuid=_a-0000df9d-6819-8000-aae2-01ef9001ef90_45161,parent=138890]
2017-11-28 07:12:11.492 DEBUG content 139707 _a-0000df9d-6819-8000-aae2-01ef9001ef90_45161 Processing reference: Constant.forum
2017-11-28 07:12:11.492 DEBUG content 139707 _a-0000df9d-6819-8000-aae2-01ef9001ef90_45161 Processing reference: Constant.parent
2017-11-28 07:12:11.495 DEBUG content 139707 _a-0000df9d-6819-8000-aae2-01ef9001ef90_45161 Processing reference: com.appiancorp.suiteapi.content.ContentRoleMap@320a8e67[
  ContentRole[name=readers,inherit=true,allowForAll=false]
  ContentRole[name=authors,inherit=true,allowForAll=false]
  ContentRole[name=administrators,inherit=true,allowForAll=false]
  ContentRole[name=denyReaders,inherit=false,allowForAll=false]
  ContentRole[name=denyAuthors,inherit=false,allowForAll=false]
  ContentRole[name=denyAdministrators,inherit=false,allowForAll=false]
  securityVector=15:SEC_PUBLIC=true,SEC_CREATOR_ADMIN=false,SEC_INH_ADMIN=true,SEC_INH_EDITOR=true,SEC_INH_VIEWER=true,SEC_ALL_ADMIN=false,SEC_ALL_EDITOR=false,SEC_ALL_VIEWER=false
]
2017-11-28 07:12:11.495 DEBUG content 139707 _a-0000df9d-6819-8000-aae2-01ef9001ef90_45161 Processing reference: ContentRole[name=readers,inherit=true,allowForAll=false]
2017-11-28 07:12:11.495 DEBUG content 139707 _a-0000df9d-6819-8000-aae2-01ef9001ef90_45161 Processing reference: ContentRole[name=authors,inherit=true,allowForAll=false]
2017-11-28 07:12:11.495 DEBUG content 139707 _a-0000df9d-6819-8000-aae2-01ef9001ef90_45161 Processing reference: ContentRole[name=administrators,inherit=true,allowForAll=false]
2017-11-28 07:12:11.495 DEBUG content 139707 _a-0000df9d-6819-8000-aae2-01ef9001ef90_45161 Processing reference: ContentRole[name=denyReaders,inherit=false,allowForAll=false]
2017-11-28 07:12:11.495 DEBUG content 139707 _a-0000df9d-6819-8000-aae2-01ef9001ef90_45161 Processing reference: ContentRole[name=denyAuthors,inherit=false,allowForAll=false]
2017-11-28 07:12:11.495 DEBUG content 139707 _a-0000df9d-6819-8000-aae2-01ef9001ef90_45161 Processing reference: ContentRole[name=denyAdministrators,inherit=false,allowForAll=false]
2017-11-28 07:12:11.495 DEBUG content 139707 _a-0000df9d-6819-8000-aae2-01ef9001ef90_45161 Completing produce.
2017-11-28 07:12:11.495 DEBUG content 139707 _a-0000df9d-6819-8000-aae2-01ef9001ef90_45161 Exporting binary resources.
2017-11-28 07:12:11.495 DEBUG content 139707 _a-0000df9d-6819-8000-aae2-01ef9001ef90_45161 Serializing object to XML.
2017-11-28 07:12:11.497 DEBUG content 139707 _a-0000df9d-6819-8000-aae2-01ef9001ef90_45161 Object transported.
2017-11-28 07:12:11.497 DEBUG content 139708 _a-0000df9d-6819-8000-aae2-01ef9001ef90_47379 Begin transport.
2017-11-28 07:12:11.497 DEBUG content 139708 _a-0000df9d-6819-8000-aae2-01ef9001ef90_47379 Retrieving object data.
2017-11-28 07:12:11.504 DEBUG content 139708 _a-0000df9d-6819-8000-aae2-01ef9001ef90_47379 Setting uuids of object references.
2017-11-28 07:12:11.504 DEBUG content 139708 _a-0000df9d-6819-8000-aae2-01ef9001ef90_47379 Processing reference: [Content:id=139235,versionId=-1,name=TODAY_1,type=32,subtype=0,uuid=_a-0000df9d-6819-8000-aae2-01ef9001ef90_47379,parent=138890]
2017-11-28 07:12:11.504 DEBUG content 139708 _a-0000df9d-6819-8000-aae2-01ef9001ef90_47379 Processing reference: Constant.forum
2017-11-28 07:12:11.504 DEBUG content 139708 _a-0000df9d-6819-8000-aae2-01ef9001ef90_47379 Processing reference: Constant.parent
2017-11-28 07:12:11.507 DEBUG content 139708 _a-0000df9d-6819-8000-aae2-01ef9001ef90_47379 Processing reference: com.appiancorp.suiteapi.content.ContentRoleMap@10e9039c[
  ContentRole[name=readers,inherit=true,allowForAll=false]
  ContentRole[name=authors,inherit=true,allowForAll=false]
  ContentRole[name=administrators,inherit=true,allowForAll=false]
  ContentRole[name=denyReaders,inherit=false,allowForAll=false]
  ContentRole[name=denyAuthors,inherit=false,allowForAll=false]
  ContentRole[name=denyAdministrators,inherit=false,allowForAll=false]
  securityVector=15:SEC_PUBLIC=true,SEC_CREATOR_ADMIN=false,SEC_INH_ADMIN=true,SEC_INH_EDITOR=true,SEC_INH_VIEWER=true,SEC_ALL_ADMIN=false,SEC_ALL_EDITOR=false,SEC_ALL_VIEWER=false
]
2017-11-28 07:12:11.507 DEBUG content 139708 _a-0000df9d-6819-8000-aae2-01ef9001ef90_47379 Processing reference: ContentRole[name=readers,inherit=true,allowForAll=false]
2017-11-28 07:12:11.507 DEBUG content 139708 _a-0000df9d-6819-8000-aae2-01ef9001ef90_47379 Processing reference: ContentRole[name=authors,inherit=true,allowForAll=false]
2017-11-28 07:12:11.507 DEBUG content 139708 _a-0000df9d-6819-8000-aae2-01ef9001ef90_47379 Processing reference: ContentRole[name=administrators,inherit=true,allowForAll=false]
2017-11-28 07:12:11.507 DEBUG content 139708 _a-0000df9d-6819-8000-aae2-01ef9001ef90_47379 Processing reference: ContentRole[name=denyReaders,inherit=false,allowForAll=false]
2017-11-28 07:12:11.507 DEBUG content 139708 _a-0000df9d-6819-8000-aae2-01ef9001ef90_47379 Processing reference: ContentRole[name=denyAuthors,inherit=false,allowForAll=false]
2017-11-28 07:12:11.507 DEBUG content 139708 _a-0000df9d-6819-8000-aae2-01ef9001ef90_47379 Processing reference: ContentRole[name=denyAdministrators,inherit=false,allowForAll=false]
2017-11-28 07:12:11.507 DEBUG content 139708 _a-0000df9d-6819-8000-aae2-01ef9001ef90_47379 Completing produce.
2017-11-28 07:12:11.507 DEBUG content 139708 _a-0000df9d-6819-8000-aae2-01ef9001ef90_47379 Exporting binary resources.
2017-11-28 07:12:11.507 DEBUG content 139708 _a-0000df9d-6819-8000-aae2-01ef9001ef90_47379 Serializing object to XML.
2017-11-28 07:12:11.509 DEBUG content 139708 _a-0000df9d-6819-8000-aae2-01ef9001ef90_47379 Object transported.
2017-11-28 07:12:11.509 DEBUG content 139709 _a-0000df9d-6819-8000-aae2-01ef9001ef90_47380 Begin transport.
2017-11-28 07:12:11.509 DEBUG content 139709 _a-0000df9d-6819-8000-aae2-01ef9001ef90_47380 Retrieving object data.
2017-11-28 07:12:11.515 DEBUG content 139709 _a-0000df9d-6819-8000-aae2-01ef9001ef90_47380 Setting uuids of object references.
2017-11-28 07:12:11.515 DEBUG content 139709 _a-0000df9d-6819-8000-aae2-01ef9001ef90_47380 Processing reference: [Content:id=139236,versionId=-1,name=TODAY_2,type=32,subtype=0,uuid=_a-0000df9d-6819-8000-aae2-01ef9001ef90_47380,parent=138890]
2017-11-28 07:12:11.515 DEBUG content 139709 _a-0000df9d-6819-8000-aae2-01ef9001ef90_47380 Processing reference: Constant.forum
2017-11-28 07:12:11.516 DEBUG content 139709 _a-0000df9d-6819-8000-aae2-01ef9001ef90_47380 Processing reference: Constant.parent
2017-11-28 07:12:11.518 DEBUG content 139709 _a-0000df9d-6819-8000-aae2-01ef9001ef90_47380 Processing reference: com.appiancorp.suiteapi.content.ContentRoleMap@668b0099[
  ContentRole[name=readers,inherit=true,allowForAll=false]
  ContentRole[name=authors,inherit=true,allowForAll=false]
  ContentRole[name=administrators,inherit=true,allowForAll=false]
  ContentRole[name=denyReaders,inherit=false,allowForAll=false]
  ContentRole[name=denyAuthors,inherit=false,allowForAll=false]
  ContentRole[name=denyAdministrators,inherit=false,allowForAll=false]
  securityVector=15:SEC_PUBLIC=true,SEC_CREATOR_ADMIN=false,SEC_INH_ADMIN=true,SEC_INH_EDITOR=true,SEC_INH_VIEWER=true,SEC_ALL_ADMIN=false,SEC_ALL_EDITOR=false,SEC_ALL_VIEWER=false
]
2017-11-28 07:12:11.518 DEBUG content 139709 _a-0000df9d-6819-8000-aae2-01ef9001ef90_47380 Processing reference: ContentRole[name=readers,inherit=true,allowForAll=false]
2017-11-28 07:12:11.518 DEBUG content 139709 _a-0000df9d-6819-8000-aae2-01ef9001ef90_47380 Processing reference: ContentRole[name=authors,inherit=true,allowForAll=false]
2017-11-28 07:12:11.518 DEBUG content 139709 _a-0000df9d-6819-8000-aae2-01ef9001ef90_47380 Processing reference: ContentRole[name=administrators,inherit=true,allowForAll=false]
2017-11-28 07:12:11.518 DEBUG content 139709 _a-0000df9d-6819-8000-aae2-01ef9001ef90_47380 Processing reference: ContentRole[name=denyReaders,inherit=false,allowForAll=false]
2017-11-28 07:12:11.518 DEBUG content 139709 _a-0000df9d-6819-8000-aae2-01ef9001ef90_47380 Processing reference: ContentRole[name=denyAuthors,inherit=false,allowForAll=false]
2017-11-28 07:12:11.518 DEBUG content 139709 _a-0000df9d-6819-8000-aae2-01ef9001ef90_47380 Processing reference: ContentRole[name=denyAdministrators,inherit=false,allowForAll=false]
2017-11-28 07:12:11.519 DEBUG content 139709 _a-0000df9d-6819-8000-aae2-01ef9001ef90_47380 Completing produce.
2017-11-28 07:12:11.519 DEBUG content 139709 _a-0000df9d-6819-8000-aae2-01ef9001ef90_47380 Exporting binary resources.
2017-11-28 07:12:11.519 DEBUG content 139709 _a-0000df9d-6819-8000-aae2-01ef9001ef90_47380 Serializing object to XML.
2017-11-28 07:12:11.52 DEBUG content 139709 _a-0000df9d-6819-8000-aae2-01ef9001ef90_47380 Object transported.
2017-11-28 07:12:11.52 DEBUG content 139710 _a-0000df9d-6819-8000-aae2-01ef9001ef90_47383 Begin transport.
2017-11-28 07:12:11.52 DEBUG content 139710 _a-0000df9d-6819-8000-aae2-01ef9001ef90_47383 Retrieving object data.
2017-11-28 07:12:11.526 DEBUG content 139710 _a-0000df9d-6819-8000-aae2-01ef9001ef90_47383 Setting uuids of object references.
2017-11-28 07:12:11.526 DEBUG content 139710 _a-0000df9d-6819-8000-aae2-01ef9001ef90_47383 Processing reference: [Content:id=139237,versionId=-1,name=Tommorrow_1,type=32,subtype=0,uuid=_a-0000df9d-6819-8000-aae2-01ef9001ef90_47383,parent=138890]
2017-11-28 07:12:11.527 DEBUG content 139710 _a-0000df9d-6819-8000-aae2-01ef9001ef90_47383 Processing reference: Constant.forum
2017-11-28 07:12:11.527 DEBUG content 139710 _a-0000df9d-6819-8000-aae2-01ef9001ef90_47383 Processing reference: Constant.parent
2017-11-28 07:12:11.53 DEBUG content 139710 _a-0000df9d-6819-8000-aae2-01ef9001ef90_47383 Processing reference: com.appiancorp.suiteapi.content.ContentRoleMap@7a24108e[
  ContentRole[name=readers,inherit=true,allowForAll=false]
  ContentRole[name=authors,inherit=true,allowForAll=false]
  ContentRole[name=administrators,inherit=true,allowForAll=false]
  ContentRole[name=denyReaders,inherit=false,allowForAll=false]
  ContentRole[name=denyAuthors,inherit=false,allowForAll=false]
  ContentRole[name=denyAdministrators,inherit=false,allowForAll=false]
  securityVector=15:SEC_PUBLIC=true,SEC_CREATOR_ADMIN=false,SEC_INH_ADMIN=true,SEC_INH_EDITOR=true,SEC_INH_VIEWER=true,SEC_ALL_ADMIN=false,SEC_ALL_EDITOR=false,SEC_ALL_VIEWER=false
]
2017-11-28 07:12:11.53 DEBUG content 139710 _a-0000df9d-6819-8000-aae2-01ef9001ef90_47383 Processing reference: ContentRole[name=readers,inherit=true,allowForAll=false]
2017-11-28 07:12:11.53 DEBUG content 139710 _a-0000df9d-6819-8000-aae2-01ef9001ef90_47383 Processing reference: ContentRole[name=authors,inherit=true,allowForAll=false]
2017-11-28 07:12:11.53 DEBUG content 139710 _a-0000df9d-6819-8000-aae2-01ef9001ef90_47383 Processing reference: ContentRole[name=administrators,inherit=true,allowForAll=false]
2017-11-28 07:12:11.53 DEBUG content 139710 _a-0000df9d-6819-8000-aae2-01ef9001ef90_47383 Processing reference: ContentRole[name=denyReaders,inherit=false,allowForAll=false]
2017-11-28 07:12:11.53 DEBUG content 139710 _a-0000df9d-6819-8000-aae2-01ef9001ef90_47383 Processing reference: ContentRole[name=denyAuthors,inherit=false,allowForAll=false]
2017-11-28 07:12:11.53 DEBUG content 139710 _a-0000df9d-6819-8000-aae2-01ef9001ef90_47383 Processing reference: ContentRole[name=denyAdministrators,inherit=false,allowForAll=false]
2017-11-28 07:12:11.53 DEBUG content 139710 _a-0000df9d-6819-8000-aae2-01ef9001ef90_47383 Completing produce.
2017-11-28 07:12:11.53 DEBUG content 139710 _a-0000df9d-6819-8000-aae2-01ef9001ef90_47383 Exporting binary resources.
2017-11-28 07:12:11.53 DEBUG content 139710 _a-0000df9d-6819-8000-aae2-01ef9001ef90_47383 Serializing object to XML.
2017-11-28 07:12:11.532 DEBUG content 139710 _a-0000df9d-6819-8000-aae2-01ef9001ef90_47383 Object transported.
2017-11-28 07:12:11.532 DEBUG content 139711 _a-0000df9d-6819-8000-aae2-01ef9001ef90_47384 Begin transport.
2017-11-28 07:12:11.532 DEBUG content 139711 _a-0000df9d-6819-8000-aae2-01ef9001ef90_47384 Retrieving object data.
2017-11-28 07:12:11.539 DEBUG content 139711 _a-0000df9d-6819-8000-aae2-01ef9001ef90_47384 Setting uuids of object references.
2017-11-28 07:12:11.539 DEBUG content 139711 _a-0000df9d-6819-8000-aae2-01ef9001ef90_47384 Processing reference: [Content:id=139238,versionId=-1,name=Tommorrow_2,type=32,subtype=0,uuid=_a-0000df9d-6819-8000-aae2-01ef9001ef90_47384,parent=138890]
2017-11-28 07:12:11.539 DEBUG content 139711 _a-0000df9d-6819-8000-aae2-01ef9001ef90_47384 Processing reference: Constant.forum
2017-11-28 07:12:11.54 DEBUG content 139711 _a-0000df9d-6819-8000-aae2-01ef9001ef90_47384 Processing reference: Constant.parent
2017-11-28 07:12:11.542 DEBUG content 139711 _a-0000df9d-6819-8000-aae2-01ef9001ef90_47384 Processing reference: com.appiancorp.suiteapi.content.ContentRoleMap@6572f4dd[
  ContentRole[name=readers,inherit=true,allowForAll=false]
  ContentRole[name=authors,inherit=true,allowForAll=false]
  ContentRole[name=administrators,inherit=true,allowForAll=false]
  ContentRole[name=denyReaders,inherit=false,allowForAll=false]
  ContentRole[name=denyAuthors,inherit=false,allowForAll=false]
  ContentRole[name=denyAdministrators,inherit=false,allowForAll=false]
  securityVector=15:SEC_PUBLIC=true,SEC_CREATOR_ADMIN=false,SEC_INH_ADMIN=true,SEC_INH_EDITOR=true,SEC_INH_VIEWER=true,SEC_ALL_ADMIN=false,SEC_ALL_EDITOR=false,SEC_ALL_VIEWER=false
]
2017-11-28 07:12:11.542 DEBUG content 139711 _a-0000df9d-6819-8000-aae2-01ef9001ef90_47384 Processing reference: ContentRole[name=readers,inherit=true,allowForAll=false]
2017-11-28 07:12:11.542 DEBUG content 139711 _a-0000df9d-6819-8000-aae2-01ef9001ef90_47384 Processing reference: ContentRole[name=authors,inherit=true,allowForAll=false]
2017-11-28 07:12:11.542 DEBUG content 139711 _a-0000df9d-6819-8000-aae2-01ef9001ef90_47384 Processing reference: ContentRole[name=administrators,inherit=true,allowForAll=false]
2017-11-28 07:12:11.542 DEBUG content 139711 _a-0000df9d-6819-8000-aae2-01ef9001ef90_47384 Processing reference: ContentRole[name=denyReaders,inherit=false,allowForAll=false]
2017-11-28 07:12:11.542 DEBUG content 139711 _a-0000df9d-6819-8000-aae2-01ef9001ef90_47384 Processing reference: ContentRole[name=denyAuthors,inherit=false,allowForAll=false]
2017-11-28 07:12:11.542 DEBUG content 139711 _a-0000df9d-6819-8000-aae2-01ef9001ef90_47384 Processing reference: ContentRole[name=denyAdministrators,inherit=false,allowForAll=false]
2017-11-28 07:12:11.543 DEBUG content 139711 _a-0000df9d-6819-8000-aae2-01ef9001ef90_47384 Completing produce.
2017-11-28 07:12:11.543 DEBUG content 139711 _a-0000df9d-6819-8000-aae2-01ef9001ef90_47384 Exporting binary resources.
2017-11-28 07:12:11.543 DEBUG content 139711 _a-0000df9d-6819-8000-aae2-01ef9001ef90_47384 Serializing object to XML.
2017-11-28 07:12:11.544 DEBUG content 139711 _a-0000df9d-6819-8000-aae2-01ef9001ef90_47384 Object transported.
2017-11-28 07:12:11.544 DEBUG content 139712 _a-0000df9d-6819-8000-aae2-01ef9001ef90_47956 Begin transport.
2017-11-28 07:12:11.544 DEBUG content 139712 _a-0000df9d-6819-8000-aae2-01ef9001ef90_47956 Retrieving object data.
2017-11-28 07:12:11.551 DEBUG content 139712 _a-0000df9d-6819-8000-aae2-01ef9001ef90_47956 Setting uuids of object references.
2017-11-28 07:12:11.551 DEBUG content 139712 _a-0000df9d-6819-8000-aae2-01ef9001ef90_47956 Processing reference: [Content:id=139632,versionId=-1,name=CONSTANT_1,type=32,subtype=0,uuid=_a-0000df9d-6819-8000-aae2-01ef9001ef90_47956,parent=138890]
2017-11-28 07:12:11.552 DEBUG content 139712 _a-0000df9d-6819-8000-aae2-01ef9001ef90_47956 Processing reference: Constant.forum
2017-11-28 07:12:11.552 DEBUG content 139712 _a-0000df9d-6819-8000-aae2-01ef9001ef90_47956 Processing reference: Constant.parent
2017-11-28 07:12:11.555 DEBUG content 139712 _a-0000df9d-6819-8000-aae2-01ef9001ef90_47956 Processing reference: com.appiancorp.suiteapi.content.ContentRoleMap@2ad4173a[
  ContentRole[name=readers,inherit=true,allowForAll=false]
  ContentRole[name=authors,inherit=true,allowForAll=false]
  ContentRole[name=administrators,inherit=true,allowForAll=false]
  ContentRole[name=denyReaders,inherit=false,allowForAll=false]
  ContentRole[name=denyAuthors,inherit=false,allowForAll=false]
  ContentRole[name=denyAdministrators,inherit=false,allowForAll=false]
  securityVector=15:SEC_PUBLIC=true,SEC_CREATOR_ADMIN=false,SEC_INH_ADMIN=true,SEC_INH_EDITOR=true,SEC_INH_VIEWER=true,SEC_ALL_ADMIN=false,SEC_ALL_EDITOR=false,SEC_ALL_VIEWER=false
]
2017-11-28 07:12:11.555 DEBUG content 139712 _a-0000df9d-6819-8000-aae2-01ef9001ef90_47956 Processing reference: ContentRole[name=readers,inherit=true,allowForAll=false]
2017-11-28 07:12:11.555 DEBUG content 139712 _a-0000df9d-6819-8000-aae2-01ef9001ef90_47956 Processing reference: ContentRole[name=authors,inherit=true,allowForAll=false]
2017-11-28 07:12:11.555 DEBUG content 139712 _a-0000df9d-6819-8000-aae2-01ef9001ef90_47956 Processing reference: ContentRole[name=administrators,inherit=true,allowForAll=false]
2017-11-28 07:12:11.555 DEBUG content 139712 _a-0000df9d-6819-8000-aae2-01ef9001ef90_47956 Processing reference: ContentRole[name=denyReaders,inherit=false,allowForAll=false]
2017-11-28 07:12:11.555 DEBUG content 139712 _a-0000df9d-6819-8000-aae2-01ef9001ef90_47956 Processing reference: ContentRole[name=denyAuthors,inherit=false,allowForAll=false]
2017-11-28 07:12:11.555 DEBUG content 139712 _a-0000df9d-6819-8000-aae2-01ef9001ef90_47956 Processing reference: ContentRole[name=denyAdministrators,inherit=false,allowForAll=false]
2017-11-28 07:12:11.555 DEBUG content 139712 _a-0000df9d-6819-8000-aae2-01ef9001ef90_47956 Completing produce.
2017-11-28 07:12:11.555 DEBUG content 139712 _a-0000df9d-6819-8000-aae2-01ef9001ef90_47956 Exporting binary resources.
2017-11-28 07:12:11.555 DEBUG content 139712 _a-0000df9d-6819-8000-aae2-01ef9001ef90_47956 Serializing object to XML.
2017-11-28 07:12:11.557 DEBUG content 139712 _a-0000df9d-6819-8000-aae2-01ef9001ef90_47956 Object transported.
2017-11-28 07:12:11.557 DEBUG content 139713 _a-0000df9d-6819-8000-aae2-01ef9001ef90_47959 Begin transport.
2017-11-28 07:12:11.557 DEBUG content 139713 _a-0000df9d-6819-8000-aae2-01ef9001ef90_47959 Retrieving object data.
2017-11-28 07:12:11.565 DEBUG content 139713 _a-0000df9d-6819-8000-aae2-01ef9001ef90_47959 Setting uuids of object references.
2017-11-28 07:12:11.565 DEBUG content 139713 _a-0000df9d-6819-8000-aae2-01ef9001ef90_47959 Processing reference: [Content:id=139633,versionId=-1,name=CONSTANT_2,type=32,subtype=0,uuid=_a-0000df9d-6819-8000-aae2-01ef9001ef90_47959,parent=138890]
2017-11-28 07:12:11.565 DEBUG content 139713 _a-0000df9d-6819-8000-aae2-01ef9001ef90_47959 Processing reference: Constant.forum
2017-11-28 07:12:11.565 DEBUG content 139713 _a-0000df9d-6819-8000-aae2-01ef9001ef90_47959 Processing reference: Constant.parent
2017-11-28 07:12:11.568 DEBUG content 139713 _a-0000df9d-6819-8000-aae2-01ef9001ef90_47959 Processing reference: com.appiancorp.suiteapi.content.ContentRoleMap@3c201d17[
  ContentRole[name=readers,inherit=true,allowForAll=false]
  ContentRole[name=authors,inherit=true,allowForAll=false]
  ContentRole[name=administrators,inherit=true,allowForAll=false]
  ContentRole[name=denyReaders,inherit=false,allowForAll=false]
  ContentRole[name=denyAuthors,inherit=false,allowForAll=false]
  ContentRole[name=denyAdministrators,inherit=false,allowForAll=false]
  securityVector=15:SEC_PUBLIC=true,SEC_CREATOR_ADMIN=false,SEC_INH_ADMIN=true,SEC_INH_EDITOR=true,SEC_INH_VIEWER=true,SEC_ALL_ADMIN=false,SEC_ALL_EDITOR=false,SEC_ALL_VIEWER=false
]
2017-11-28 07:12:11.568 DEBUG content 139713 _a-0000df9d-6819-8000-aae2-01ef9001ef90_47959 Processing reference: ContentRole[name=readers,inherit=true,allowForAll=false]
2017-11-28 07:12:11.568 DEBUG content 139713 _a-0000df9d-6819-8000-aae2-01ef9001ef90_47959 Processing reference: ContentRole[name=authors,inherit=true,allowForAll=false]
2017-11-28 07:12:11.568 DEBUG content 139713 _a-0000df9d-6819-8000-aae2-01ef9001ef90_47959 Processing reference: ContentRole[name=administrators,inherit=true,allowForAll=false]
2017-11-28 07:12:11.568 DEBUG content 139713 _a-0000df9d-6819-8000-aae2-01ef9001ef90_47959 Processing reference: ContentRole[name=denyReaders,inherit=false,allowForAll=false]
2017-11-28 07:12:11.568 DEBUG content 139713 _a-0000df9d-6819-8000-aae2-01ef9001ef90_47959 Processing reference: ContentRole[name=denyAuthors,inherit=false,allowForAll=false]
2017-11-28 07:12:11.568 DEBUG content 139713 _a-0000df9d-6819-8000-aae2-01ef9001ef90_47959 Processing reference: ContentRole[name=denyAdministrators,inherit=false,allowForAll=false]
2017-11-28 07:12:11.568 DEBUG content 139713 _a-0000df9d-6819-8000-aae2-01ef9001ef90_47959 Completing produce.
2017-11-28 07:12:11.568 DEBUG content 139713 _a-0000df9d-6819-8000-aae2-01ef9001ef90_47959 Exporting binary resources.
2017-11-28 07:12:11.568 DEBUG content 139713 _a-0000df9d-6819-8000-aae2-01ef9001ef90_47959 Serializing object to XML.
2017-11-28 07:12:11.57 DEBUG content 139713 _a-0000df9d-6819-8000-aae2-01ef9001ef90_47959 Object transported.
2017-11-28 07:12:11.57 DEBUG content 139714 _a-0000df9d-6819-8000-aae2-01ef9001ef90_48011 Begin transport.
2017-11-28 07:12:11.57 DEBUG content 139714 _a-0000df9d-6819-8000-aae2-01ef9001ef90_48011 Retrieving object data.
2017-11-28 07:12:11.578 DEBUG content 139714 _a-0000df9d-6819-8000-aae2-01ef9001ef90_48011 Setting uuids of object references.
2017-11-28 07:12:11.578 DEBUG content 139714 _a-0000df9d-6819-8000-aae2-01ef9001ef90_48011 Processing reference: [Content:id=139634,versionId=-1,name=CONSTANT_3,type=32,subtype=0,uuid=_a-0000df9d-6819-8000-aae2-01ef9001ef90_48011,parent=138890]
2017-11-28 07:12:11.578 DEBUG content 139714 _a-0000df9d-6819-8000-aae2-01ef9001ef90_48011 Processing reference: Constant.forum
2017-11-28 07:12:11.578 DEBUG content 139714 _a-0000df9d-6819-8000-aae2-01ef9001ef90_48011 Processing reference: Constant.parent
2017-11-28 07:12:11.581 DEBUG content 139714 _a-0000df9d-6819-8000-aae2-01ef9001ef90_48011 Processing reference: com.appiancorp.suiteapi.content.ContentRoleMap@409a8995[
  ContentRole[name=readers,inherit=true,allowForAll=false]
  ContentRole[name=authors,inherit=true,allowForAll=false]
  ContentRole[name=administrators,inherit=true,allowForAll=false]
  ContentRole[name=denyReaders,inherit=false,allowForAll=false]
  ContentRole[name=denyAuthors,inherit=false,allowForAll=false]
  ContentRole[name=denyAdministrators,inherit=false,allowForAll=false]
  securityVector=15:SEC_PUBLIC=true,SEC_CREATOR_ADMIN=false,SEC_INH_ADMIN=true,SEC_INH_EDITOR=true,SEC_INH_VIEWER=true,SEC_ALL_ADMIN=false,SEC_ALL_EDITOR=false,SEC_ALL_VIEWER=false
]
2017-11-28 07:12:11.581 DEBUG content 139714 _a-0000df9d-6819-8000-aae2-01ef9001ef90_48011 Processing reference: ContentRole[name=readers,inherit=true,allowForAll=false]
2017-11-28 07:12:11.581 DEBUG content 139714 _a-0000df9d-6819-8000-aae2-01ef9001ef90_48011 Processing reference: ContentRole[name=authors,inherit=true,allowForAll=false]
2017-11-28 07:12:11.581 DEBUG content 139714 _a-0000df9d-6819-8000-aae2-01ef9001ef90_48011 Processing reference: ContentRole[name=administrators,inherit=true,allowForAll=false]
2017-11-28 07:12:11.581 DEBUG content 139714 _a-0000df9d-6819-8000-aae2-01ef9001ef90_48011 Processing reference: ContentRole[name=denyReaders,inherit=false,allowForAll=false]
2017-11-28 07:12:11.581 DEBUG content 139714 _a-0000df9d-6819-8000-aae2-01ef9001ef90_48011 Processing reference: ContentRole[name=denyAuthors,inherit=false,allowForAll=false]
2017-11-28 07:12:11.581 DEBUG content 139714 _a-0000df9d-6819-8000-aae2-01ef9001ef90_48011 Processing reference: ContentRole[name=denyAdministrators,inherit=false,allowForAll=false]
2017-11-28 07:12:11.582 DEBUG content 139714 _a-0000df9d-6819-8000-aae2-01ef9001ef90_48011 Completing produce.
2017-11-28 07:12:11.582 DEBUG content 139714 _a-0000df9d-6819-8000-aae2-01ef9001ef90_48011 Exporting binary resources.
2017-11-28 07:12:11.582 DEBUG content 139714 _a-0000df9d-6819-8000-aae2-01ef9001ef90_48011 Serializing object to XML.
2017-11-28 07:12:11.583 DEBUG content 139714 _a-0000df9d-6819-8000-aae2-01ef9001ef90_48011 Object transported.
2017-11-28 07:12:11.583 DEBUG content 139715 _a-0000df9d-6819-8000-aae2-01ef9001ef90_48094 Begin transport.
2017-11-28 07:12:11.583 DEBUG content 139715 _a-0000df9d-6819-8000-aae2-01ef9001ef90_48094 Retrieving object data.
2017-11-28 07:12:11.595 DEBUG content 139715 _a-0000df9d-6819-8000-aae2-01ef9001ef90_48094 Setting uuids of object references.
2017-11-28 07:12:11.595 DEBUG content 139715 _a-0000df9d-6819-8000-aae2-01ef9001ef90_48094 Processing reference: [Content:id=139635,versionId=-1,name=CONSTANT_4,type=32,subtype=0,uuid=_a-0000df9d-6819-8000-aae2-01ef9001ef90_48094,parent=138890]
2017-11-28 07:12:11.595 DEBUG content 139715 _a-0000df9d-6819-8000-aae2-01ef9001ef90_48094 Processing reference: Constant.forum
2017-11-28 07:12:11.595 DEBUG content 139715 _a-0000df9d-6819-8000-aae2-01ef9001ef90_48094 Processing reference: Constant.parent
2017-11-28 07:12:11.598 DEBUG content 139715 _a-0000df9d-6819-8000-aae2-01ef9001ef90_48094 Processing reference: com.appiancorp.suiteapi.content.ContentRoleMap@2797c195[
  ContentRole[name=readers,inherit=true,allowForAll=false]
  ContentRole[name=authors,inherit=true,allowForAll=false]
  ContentRole[name=administrators,inherit=true,allowForAll=false]
  ContentRole[name=denyReaders,inherit=false,allowForAll=false]
  ContentRole[name=denyAuthors,inherit=false,allowForAll=false]
  ContentRole[name=denyAdministrators,inherit=false,allowForAll=false]
  securityVector=15:SEC_PUBLIC=true,SEC_CREATOR_ADMIN=false,SEC_INH_ADMIN=true,SEC_INH_EDITOR=true,SEC_INH_VIEWER=true,SEC_ALL_ADMIN=false,SEC_ALL_EDITOR=false,SEC_ALL_VIEWER=false
]
2017-11-28 07:12:11.598 DEBUG content 139715 _a-0000df9d-6819-8000-aae2-01ef9001ef90_48094 Processing reference: ContentRole[name=readers,inherit=true,allowForAll=false]
2017-11-28 07:12:11.598 DEBUG content 139715 _a-0000df9d-6819-8000-aae2-01ef9001ef90_48094 Processing reference: ContentRole[name=authors,inherit=true,allowForAll=false]
2017-11-28 07:12:11.598 DEBUG content 139715 _a-0000df9d-6819-8000-aae2-01ef9001ef90_48094 Processing reference: ContentRole[name=administrators,inherit=true,allowForAll=false]
2017-11-28 07:12:11.598 DEBUG content 139715 _a-0000df9d-6819-8000-aae2-01ef9001ef90_48094 Processing reference: ContentRole[name=denyReaders,inherit=false,allowForAll=false]
2017-11-28 07:12:11.598 DEBUG content 139715 _a-0000df9d-6819-8000-aae2-01ef9001ef90_48094 Processing reference: ContentRole[name=denyAuthors,inherit=false,allowForAll=false]
2017-11-28 07:12:11.598 DEBUG content 139715 _a-0000df9d-6819-8000-aae2-01ef9001ef90_48094 Processing reference: ContentRole[name=denyAdministrators,inherit=false,allowForAll=false]
2017-11-28 07:12:11.599 DEBUG content 139715 _a-0000df9d-6819-8000-aae2-01ef9001ef90_48094 Completing produce.
2017-11-28 07:12:11.599 DEBUG content 139715 _a-0000df9d-6819-8000-aae2-01ef9001ef90_48094 Exporting binary resources.
2017-11-28 07:12:11.599 DEBUG content 139715 _a-0000df9d-6819-8000-aae2-01ef9001ef90_48094 Serializing object to XML.
2017-11-28 07:12:11.6 DEBUG content 139715 _a-0000df9d-6819-8000-aae2-01ef9001ef90_48094 Object transported.
2017-11-28 07:12:11.6 DEBUG content 139716 _a-0000df9d-6819-8000-aae2-01ef9001ef90_48102 Begin transport.
2017-11-28 07:12:11.6 DEBUG content 139716 _a-0000df9d-6819-8000-aae2-01ef9001ef90_48102 Retrieving object data.
2017-11-28 07:12:11.607 DEBUG content 139716 _a-0000df9d-6819-8000-aae2-01ef9001ef90_48102 Setting uuids of object references.
2017-11-28 07:12:11.607 DEBUG content 139716 _a-0000df9d-6819-8000-aae2-01ef9001ef90_48102 Processing reference: [Content:id=139636,versionId=-1,name=CONSTANT_5,type=32,subtype=0,uuid=_a-0000df9d-6819-8000-aae2-01ef9001ef90_48102,parent=138890]
2017-11-28 07:12:11.607 DEBUG content 139716 _a-0000df9d-6819-8000-aae2-01ef9001ef90_48102 Processing reference: Constant.forum
2017-11-28 07:12:11.608 DEBUG content 139716 _a-0000df9d-6819-8000-aae2-01ef9001ef90_48102 Processing reference: Constant.parent
2017-11-28 07:12:11.611 DEBUG content 139716 _a-0000df9d-6819-8000-aae2-01ef9001ef90_48102 Processing reference: com.appiancorp.suiteapi.content.ContentRoleMap@3b2fcb8b[
  ContentRole[name=readers,inherit=true,allowForAll=false]
  ContentRole[name=authors,inherit=true,allowForAll=false]
  ContentRole[name=administrators,inherit=true,allowForAll=false]
  ContentRole[name=denyReaders,inherit=false,allowForAll=false]
  ContentRole[name=denyAuthors,inherit=false,allowForAll=false]
  ContentRole[name=denyAdministrators,inherit=false,allowForAll=false]
  securityVector=15:SEC_PUBLIC=true,SEC_CREATOR_ADMIN=false,SEC_INH_ADMIN=true,SEC_INH_EDITOR=true,SEC_INH_VIEWER=true,SEC_ALL_ADMIN=false,SEC_ALL_EDITOR=false,SEC_ALL_VIEWER=false
]
2017-11-28 07:12:11.611 DEBUG content 139716 _a-0000df9d-6819-8000-aae2-01ef9001ef90_48102 Processing reference: ContentRole[name=readers,inherit=true,allowForAll=false]
2017-11-28 07:12:11.611 DEBUG content 139716 _a-0000df9d-6819-8000-aae2-01ef9001ef90_48102 Processing reference: ContentRole[name=authors,inherit=true,allowForAll=false]
2017-11-28 07:12:11.611 DEBUG content 139716 _a-0000df9d-6819-8000-aae2-01ef9001ef90_48102 Processing reference: ContentRole[name=administrators,inherit=true,allowForAll=false]
2017-11-28 07:12:11.611 DEBUG content 139716 _a-0000df9d-6819-8000-aae2-01ef9001ef90_48102 Processing reference: ContentRole[name=denyReaders,inherit=false,allowForAll=false]
2017-11-28 07:12:11.611 DEBUG content 139716 _a-0000df9d-6819-8000-aae2-01ef9001ef90_48102 Processing reference: ContentRole[name=denyAuthors,inherit=false,allowForAll=false]
2017-11-28 07:12:11.611 DEBUG content 139716 _a-0000df9d-6819-8000-aae2-01ef9001ef90_48102 Processing reference: ContentRole[name=denyAdministrators,inherit=false,allowForAll=false]
2017-11-28 07:12:11.611 DEBUG content 139716 _a-0000df9d-6819-8000-aae2-01ef9001ef90_48102 Completing produce.
2017-11-28 07:12:11.611 DEBUG content 139716 _a-0000df9d-6819-8000-aae2-01ef9001ef90_48102 Exporting binary resources.
2017-11-28 07:12:11.611 DEBUG content 139716 _a-0000df9d-6819-8000-aae2-01ef9001ef90_48102 Serializing object to XML.
2017-11-28 07:12:11.613 DEBUG content 139716 _a-0000df9d-6819-8000-aae2-01ef9001ef90_48102 Object transported.
2017-11-28 07:12:11.613 DEBUG content 139717 _a-0000df9d-6819-8000-aae2-01ef9001ef90_48125 Begin transport.
2017-11-28 07:12:11.613 DEBUG content 139717 _a-0000df9d-6819-8000-aae2-01ef9001ef90_48125 Retrieving object data.
2017-11-28 07:12:11.62 DEBUG content 139717 _a-0000df9d-6819-8000-aae2-01ef9001ef90_48125 Setting uuids of object references.
2017-11-28 07:12:11.62 DEBUG content 139717 _a-0000df9d-6819-8000-aae2-01ef9001ef90_48125 Processing reference: [Content:id=139637,versionId=-1,name=IACD_1111,type=32,subtype=0,uuid=_a-0000df9d-6819-8000-aae2-01ef9001ef90_48125,parent=138890]
2017-11-28 07:12:11.62 DEBUG content 139717 _a-0000df9d-6819-8000-aae2-01ef9001ef90_48125 Processing reference: Constant.forum
2017-11-28 07:12:11.621 DEBUG content 139717 _a-0000df9d-6819-8000-aae2-01ef9001ef90_48125 Processing reference: Constant.parent
2017-11-28 07:12:11.624 DEBUG content 139717 _a-0000df9d-6819-8000-aae2-01ef9001ef90_48125 Processing reference: com.appiancorp.suiteapi.content.ContentRoleMap@4bb1433b[
  ContentRole[name=readers,inherit=true,allowForAll=false]
  ContentRole[name=authors,inherit=true,allowForAll=false]
  ContentRole[name=administrators,inherit=true,allowForAll=false]
  ContentRole[name=denyReaders,inherit=false,allowForAll=false]
  ContentRole[name=denyAuthors,inherit=false,allowForAll=false]
  ContentRole[name=denyAdministrators,inherit=false,allowForAll=false]
  securityVector=15:SEC_PUBLIC=true,SEC_CREATOR_ADMIN=false,SEC_INH_ADMIN=true,SEC_INH_EDITOR=true,SEC_INH_VIEWER=true,SEC_ALL_ADMIN=false,SEC_ALL_EDITOR=false,SEC_ALL_VIEWER=false
]
2017-11-28 07:12:11.624 DEBUG content 139717 _a-0000df9d-6819-8000-aae2-01ef9001ef90_48125 Processing reference: ContentRole[name=readers,inherit=true,allowForAll=false]
2017-11-28 07:12:11.624 DEBUG content 139717 _a-0000df9d-6819-8000-aae2-01ef9001ef90_48125 Processing reference: ContentRole[name=authors,inherit=true,allowForAll=false]
2017-11-28 07:12:11.624 DEBUG content 139717 _a-0000df9d-6819-8000-aae2-01ef9001ef90_48125 Processing reference: ContentRole[name=administrators,inherit=true,allowForAll=false]
2017-11-28 07:12:11.624 DEBUG content 139717 _a-0000df9d-6819-8000-aae2-01ef9001ef90_48125 Processing reference: ContentRole[name=denyReaders,inherit=false,allowForAll=false]
2017-11-28 07:12:11.624 DEBUG content 139717 _a-0000df9d-6819-8000-aae2-01ef9001ef90_48125 Processing reference: ContentRole[name=denyAuthors,inherit=false,allowForAll=false]
2017-11-28 07:12:11.624 DEBUG content 139717 _a-0000df9d-6819-8000-aae2-01ef9001ef90_48125 Processing reference: ContentRole[name=denyAdministrators,inherit=false,allowForAll=false]
2017-11-28 07:12:11.624 DEBUG content 139717 _a-0000df9d-6819-8000-aae2-01ef9001ef90_48125 Completing produce.
2017-11-28 07:12:11.624 DEBUG content 139717 _a-0000df9d-6819-8000-aae2-01ef9001ef90_48125 Exporting binary resources.
2017-11-28 07:12:11.624 DEBUG content 139717 _a-0000df9d-6819-8000-aae2-01ef9001ef90_48125 Serializing object to XML.
2017-11-28 07:12:11.626 DEBUG content 139717 _a-0000df9d-6819-8000-aae2-01ef9001ef90_48125 Object transported.
2017-11-28 07:12:11.627 DEBUG processModelFolder 588 _g-0000df9d-6819-8000-aae2-014d98014d98_109 Begin transport.
2017-11-28 07:12:11.627 DEBUG processModelFolder 588 _g-0000df9d-6819-8000-aae2-014d98014d98_109 Retrieving object data.
2017-11-28 07:12:11.63 DEBUG processModelFolder 588 _g-0000df9d-6819-8000-aae2-014d98014d98_109 Setting uuids of object references.
2017-11-28 07:12:11.63 DEBUG processModelFolder 588 _g-0000df9d-6819-8000-aae2-014d98014d98_109 Processing reference: ProcessModelFolder.parentFolderId
2017-11-28 07:12:11.63 DEBUG processModelFolder 588 _g-0000df9d-6819-8000-aae2-014d98014d98_109 Processing reference: com.appiancorp.suiteapi.process.ProcessRoleMap@d0d532e[
  Role[name=ADMIN_OWNER]
  Role[name=EDITOR]
  Role[name=EXPLICIT_NONMEMBER]
  Role[name=VIEWER]
  Role[name=MANAGER]
  Role[name=INITIATOR]
]
2017-11-28 07:12:11.631 DEBUG processModelFolder 588 _g-0000df9d-6819-8000-aae2-014d98014d98_109 Processing reference: Role[name=ADMIN_OWNER]
2017-11-28 07:12:11.631 DEBUG processModelFolder 588 _g-0000df9d-6819-8000-aae2-014d98014d98_109 Processing reference: Role[name=EDITOR]
2017-11-28 07:12:11.631 DEBUG processModelFolder 588 _g-0000df9d-6819-8000-aae2-014d98014d98_109 Processing reference: Role[name=EXPLICIT_NONMEMBER]
2017-11-28 07:12:11.631 DEBUG processModelFolder 588 _g-0000df9d-6819-8000-aae2-014d98014d98_109 Processing reference: Role[name=VIEWER]
2017-11-28 07:12:11.631 DEBUG processModelFolder 588 _g-0000df9d-6819-8000-aae2-014d98014d98_109 Processing reference: Role[name=MANAGER]
2017-11-28 07:12:11.631 DEBUG processModelFolder 588 _g-0000df9d-6819-8000-aae2-014d98014d98_109 Processing reference: Role[name=INITIATOR]
2017-11-28 07:12:11.631 DEBUG processModelFolder 588 _g-0000df9d-6819-8000-aae2-014d98014d98_109 Completing produce.
2017-11-28 07:12:11.631 DEBUG processModelFolder 588 _g-0000df9d-6819-8000-aae2-014d98014d98_109 Exporting binary resources.
2017-11-28 07:12:11.631 DEBUG processModelFolder 588 _g-0000df9d-6819-8000-aae2-014d98014d98_109 Serializing object to XML.
2017-11-28 07:12:11.631 DEBUG processModelFolder 588 _g-0000df9d-6819-8000-aae2-014d98014d98_109 Object transported.
2017-11-28 07:12:11.631 DEBUG processModelFolder 589 _g-0000df9d-6819-8000-aae2-014d98014d98_110 Begin transport.
2017-11-28 07:12:11.631 DEBUG processModelFolder 589 _g-0000df9d-6819-8000-aae2-014d98014d98_110 Retrieving object data.
2017-11-28 07:12:11.634 DEBUG processModelFolder 589 _g-0000df9d-6819-8000-aae2-014d98014d98_110 Setting uuids of object references.
2017-11-28 07:12:11.634 DEBUG processModelFolder 589 _g-0000df9d-6819-8000-aae2-014d98014d98_110 Processing reference: ProcessModelFolder.parentFolderId
2017-11-28 07:12:11.635 DEBUG processModelFolder 589 _g-0000df9d-6819-8000-aae2-014d98014d98_110 Processing reference: com.appiancorp.suiteapi.process.ProcessRoleMap@3caeb48a[
  Role[name=ADMIN_OWNER]
  Role[name=EDITOR]
  Role[name=EXPLICIT_NONMEMBER]
  Role[name=VIEWER]
  Role[name=MANAGER]
  Role[name=INITIATOR]
]
2017-11-28 07:12:11.635 DEBUG processModelFolder 589 _g-0000df9d-6819-8000-aae2-014d98014d98_110 Processing reference: Role[name=ADMIN_OWNER]
2017-11-28 07:12:11.635 DEBUG processModelFolder 589 _g-0000df9d-6819-8000-aae2-014d98014d98_110 Processing reference: Role[name=EDITOR]
2017-11-28 07:12:11.635 DEBUG processModelFolder 589 _g-0000df9d-6819-8000-aae2-014d98014d98_110 Processing reference: Role[name=EXPLICIT_NONMEMBER]
2017-11-28 07:12:11.635 DEBUG processModelFolder 589 _g-0000df9d-6819-8000-aae2-014d98014d98_110 Processing reference: Role[name=VIEWER]
2017-11-28 07:12:11.635 DEBUG processModelFolder 589 _g-0000df9d-6819-8000-aae2-014d98014d98_110 Processing reference: Role[name=MANAGER]
2017-11-28 07:12:11.635 DEBUG processModelFolder 589 _g-0000df9d-6819-8000-aae2-014d98014d98_110 Processing reference: Role[name=INITIATOR]
2017-11-28 07:12:11.635 DEBUG processModelFolder 589 _g-0000df9d-6819-8000-aae2-014d98014d98_110 Completing produce.
2017-11-28 07:12:11.635 DEBUG processModelFolder 589 _g-0000df9d-6819-8000-aae2-014d98014d98_110 Exporting binary resources.
2017-11-28 07:12:11.635 DEBUG processModelFolder 589 _g-0000df9d-6819-8000-aae2-014d98014d98_110 Serializing object to XML.
2017-11-28 07:12:11.635 DEBUG processModelFolder 589 _g-0000df9d-6819-8000-aae2-014d98014d98_110 Object transported.
2017-11-28 07:12:11.637 DEBUG processModel 17050 0002dfbf-a081-8000-aae2-014d98014d98 Begin transport.
2017-11-28 07:12:11.637 DEBUG processModel 17050 0002dfbf-a081-8000-aae2-014d98014d98 Retrieving object data.
2017-11-28 07:12:11.791 DEBUG processModel 17050 0002dfbf-a081-8000-aae2-014d98014d98 Setting uuids of object references.
2017-11-28 07:12:11.791 DEBUG processModel 17050 0002dfbf-a081-8000-aae2-014d98014d98 Processing reference: ProcessModelHaul.folderId
2017-11-28 07:12:11.792 DEBUG processModel 17050 0002dfbf-a081-8000-aae2-014d98014d98 Processing reference: ProcessModelHaul.modelDashboardPageId
2017-11-28 07:12:11.792 DEBUG processModel 17050 0002dfbf-a081-8000-aae2-014d98014d98 Processing reference: ProcessModelHaul.processDashboardPageId
2017-11-28 07:12:11.792 DEBUG processModel 17050 0002dfbf-a081-8000-aae2-014d98014d98 Processing reference: ProcessModel.emailAttachmentFolderId
2017-11-28 07:12:11.793 DEBUG processModel 17050 0002dfbf-a081-8000-aae2-014d98014d98 Processing reference: ActivityClassParameter[name=pmID,it=23,v=<null>]
2017-11-28 07:12:11.793 DEBUG processModel 17050 0002dfbf-a081-8000-aae2-014d98014d98 Processing reference: ActivityClassParameter[name=inMap,it=111,v={}]
2017-11-28 07:12:11.793 DEBUG processModel 17050 0002dfbf-a081-8000-aae2-014d98014d98 Processing reference: ActivityClassParameter[name=procInheritsPriority,it=1,v=1]
2017-11-28 07:12:11.793 DEBUG processModel 17050 0002dfbf-a081-8000-aae2-014d98014d98 Processing reference: ActivityClassParameter[name=pmUUID,it=3,v=]
2017-11-28 07:12:11.793 DEBUG processModel 17050 0002dfbf-a081-8000-aae2-014d98014d98 Processing reference: ActivityClassParameter[name=isAsynchronous,it=26,v=1]
2017-11-28 07:12:11.793 DEBUG processModel 17050 0002dfbf-a081-8000-aae2-014d98014d98 Processing reference: ActivityClassParameter[name=isTransparent,it=26,v=1]
2017-11-28 07:12:11.793 DEBUG processModel 17050 0002dfbf-a081-8000-aae2-014d98014d98 Processing reference: ActivityClassParameter[name=inheritSecurity,it=26,v=0]
2017-11-28 07:12:11.793 DEBUG processModel 17050 0002dfbf-a081-8000-aae2-014d98014d98 Processing reference: com.appiancorp.suiteapi.process.ProcessRoleMap@27c8db6a[
  Role[name=ADMIN_OWNER]
  Role[name=EDITOR]
  Role[name=EXPLICIT_NONMEMBER]
  Role[name=VIEWER]
  Role[name=MANAGER]
  Role[name=INITIATOR]
]
2017-11-28 07:12:11.793 DEBUG processModel 17050 0002dfbf-a081-8000-aae2-014d98014d98 Processing reference: Role[name=ADMIN_OWNER]
2017-11-28 07:12:11.793 DEBUG processModel 17050 0002dfbf-a081-8000-aae2-014d98014d98 Processing reference: Role[name=EDITOR]
2017-11-28 07:12:11.793 DEBUG processModel 17050 0002dfbf-a081-8000-aae2-014d98014d98 Processing reference: Role[name=EXPLICIT_NONMEMBER]
2017-11-28 07:12:11.793 DEBUG processModel 17050 0002dfbf-a081-8000-aae2-014d98014d98 Processing reference: Role[name=VIEWER]
2017-11-28 07:12:11.793 DEBUG processModel 17050 0002dfbf-a081-8000-aae2-014d98014d98 Processing reference: Role[name=MANAGER]
2017-11-28 07:12:11.793 DEBUG processModel 17050 0002dfbf-a081-8000-aae2-014d98014d98 Processing reference: Role[name=INITIATOR]
2017-11-28 07:12:11.793 DEBUG processModel 17050 0002dfbf-a081-8000-aae2-014d98014d98 Completing produce.
2017-11-28 07:12:11.793 DEBUG processModel 17050 0002dfbf-a081-8000-aae2-014d98014d98 Exporting binary resources.
2017-11-28 07:12:11.793 DEBUG processModel 17050 0002dfbf-a081-8000-aae2-014d98014d98 Serializing object to XML.
2017-11-28 07:12:11.797 DEBUG processModel 17050 0002dfbf-a081-8000-aae2-014d98014d98 Object transported.
2017-11-28 07:12:11.797 DEBUG application 138901 _a-0000df9d-6819-8000-aae2-01ef9001ef90_45159 Completing produce.
2017-11-28 07:12:11.797 DEBUG application 138901 _a-0000df9d-6819-8000-aae2-01ef9001ef90_45159 Exporting binary resources.
2017-11-28 07:12:11.797 DEBUG application 138901 _a-0000df9d-6819-8000-aae2-01ef9001ef90_45159 Serializing object to XML.
2017-11-28 07:12:11.798 DEBUG application 138901 _a-0000df9d-6819-8000-aae2-01ef9001ef90_45159 Object transported.
